# JRE version: OpenJDK Runtime Environment Temurin-17.0.3+7 (17.0.3+7) (build 17.0.3+7)
# Java VM: OpenJDK 64-Bit Server VM Temurin-17.0.3+7 (17.0.3+7, mixed mode, sharing, tiered, compressed oops, compressed class ptrs, g1 gc, windows-amd64)
GC Precious Log:
 CPUs: 16 total, 16 available
 Memory: 15789M
 Large Page Support: Disabled
 NUMA Support: Disabled
 Compressed Oops: Enabled (Zero based)
 Heap Region Size: 2M
 Heap Min Capacity: 512M
 Heap Initial Capacity: 512M
 Heap Max Capacity: 4072M
 Pre-touch: Disabled
 Parallel Workers: 13
 Concurrent Workers: 3
 Concurrent Refinement Workers: 13
 Periodic GC: Disabled
 String Deduplication is enabled
Heap:
 garbage-first heap   total 524288K, used 149469K [0x0000000701800000, 0x0000000800000000)
  region size 2048K, 34 young (69632K), 0 survivors (0K)
 Metaspace       used 82161K, committed 82752K, reserved 1122304K
  class space    used 11407K, committed 11712K, reserved 1048576K
GC Heap History (20 events):
Event: 19.109 GC heap before
{Heap before GC invocations=12 (full 1):
 garbage-first heap   total 524288K, used 151659K [0x0000000701800000, 0x0000000800000000)
  region size 2048K, 40 young (81920K), 4 survivors (8192K)
 Metaspace       used 70890K, committed 71360K, reserved 1114112K
  class space    used 10186K, committed 10432K, reserved 1048576K
}
Event: 19.115 GC heap after
{Heap after GC invocations=13 (full 1):
 garbage-first heap   total 524288K, used 78979K [0x0000000701800000, 0x0000000800000000)
  region size 2048K, 2 young (4096K), 2 survivors (4096K)
 Metaspace       used 70890K, committed 71360K, reserved 1114112K
  class space    used 10186K, committed 10432K, reserved 1048576K
}
Event: 20.311 GC heap before
{Heap before GC invocations=13 (full 1):
 garbage-first heap   total 524288K, used 156803K [0x0000000701800000, 0x0000000800000000)
  region size 2048K, 40 young (81920K), 2 survivors (4096K)
 Metaspace       used 71913K, committed 72384K, reserved 1114112K
  class space    used 10254K, committed 10496K, reserved 1048576K
}
Event: 20.315 GC heap after
{Heap after GC invocations=14 (full 1):
 garbage-first heap   total 524288K, used 79853K [0x0000000701800000, 0x0000000800000000)
  region size 2048K, 2 young (4096K), 2 survivors (4096K)
 Metaspace       used 71913K, committed 72384K, reserved 1114112K
  class space    used 10254K, committed 10496K, reserved 1048576K
}
Event: 22.019 GC heap before
{Heap before GC invocations=14 (full 1):
 garbage-first heap   total 524288K, used 157677K [0x0000000701800000, 0x0000000800000000)
  region size 2048K, 40 young (81920K), 2 survivors (4096K)
 Metaspace       used 72563K, committed 73024K, reserved 1114112K
  class space    used 10273K, committed 10496K, reserved 1048576K
}
Event: 22.021 GC heap after
{Heap after GC invocations=15 (full 1):
 garbage-first heap   total 524288K, used 79880K [0x0000000701800000, 0x0000000800000000)
  region size 2048K, 2 young (4096K), 2 survivors (4096K)
 Metaspace       used 72563K, committed 73024K, reserved 1114112K
  class space    used 10273K, committed 10496K, reserved 1048576K
}
Event: 23.131 GC heap before
{Heap before GC invocations=15 (full 1):
 garbage-first heap   total 524288K, used 157704K [0x0000000701800000, 0x0000000800000000)
  region size 2048K, 40 young (81920K), 2 survivors (4096K)
 Metaspace       used 72835K, committed 73344K, reserved 1114112K
  class space    used 10288K, committed 10560K, reserved 1048576K
}
Event: 23.133 GC heap after
{Heap after GC invocations=16 (full 1):
 garbage-first heap   total 524288K, used 79608K [0x0000000701800000, 0x0000000800000000)
  region size 2048K, 2 young (4096K), 2 survivors (4096K)
 Metaspace       used 72835K, committed 73344K, reserved 1114112K
  class space    used 10288K, committed 10560K, reserved 1048576K
}
Event: 25.544 GC heap before
{Heap before GC invocations=16 (full 1):
 garbage-first heap   total 524288K, used 157432K [0x0000000701800000, 0x0000000800000000)
  region size 2048K, 40 young (81920K), 2 survivors (4096K)
 Metaspace       used 73322K, committed 73792K, reserved 1114112K
  class space    used 10306K, committed 10560K, reserved 1048576K
}
Event: 25.547 GC heap after
{Heap after GC invocations=17 (full 1):
 garbage-first heap   total 524288K, used 79844K [0x0000000701800000, 0x0000000800000000)
  region size 2048K, 2 young (4096K), 2 survivors (4096K)
 Metaspace       used 73322K, committed 73792K, reserved 1114112K
  class space    used 10306K, committed 10560K, reserved 1048576K
}
Event: 30.318 GC heap before
{Heap before GC invocations=17 (full 1):
 garbage-first heap   total 524288K, used 157668K [0x0000000701800000, 0x0000000800000000)
  region size 2048K, 40 young (81920K), 2 survivors (4096K)
 Metaspace       used 76158K, committed 76672K, reserved 1122304K
  class space    used 10681K, committed 10944K, reserved 1048576K
}
Event: 30.322 GC heap after
{Heap after GC invocations=18 (full 1):
 garbage-first heap   total 524288K, used 83201K [0x0000000701800000, 0x0000000800000000)
  region size 2048K, 4 young (8192K), 4 survivors (8192K)
 Metaspace       used 76158K, committed 76672K, reserved 1122304K
  class space    used 10681K, committed 10944K, reserved 1048576K
}
Event: 30.776 GC heap before
{Heap before GC invocations=18 (full 1):
 garbage-first heap   total 524288K, used 107777K [0x0000000701800000, 0x0000000800000000)
  region size 2048K, 17 young (34816K), 4 survivors (8192K)
 Metaspace       used 78777K, committed 79360K, reserved 1122304K
  class space    used 11086K, committed 11392K, reserved 1048576K
}
Event: 30.822 GC heap after
{Heap after GC invocations=19 (full 2):
 garbage-first heap   total 524288K, used 82048K [0x0000000701800000, 0x0000000800000000)
  region size 2048K, 0 young (0K), 0 survivors (0K)
 Metaspace       used 78777K, committed 79360K, reserved 1122304K
  class space    used 11086K, committed 11392K, reserved 1048576K
}
Event: 33.650 GC heap before
{Heap before GC invocations=19 (full 2):
 garbage-first heap   total 524288K, used 161920K [0x0000000701800000, 0x0000000800000000)
  region size 2048K, 40 young (81920K), 0 survivors (0K)
 Metaspace       used 80200K, committed 80768K, reserved 1122304K
  class space    used 11279K, committed 11584K, reserved 1048576K
}
Event: 33.652 GC heap after
{Heap after GC invocations=20 (full 2):
 garbage-first heap   total 524288K, used 86612K [0x0000000701800000, 0x0000000800000000)
  region size 2048K, 3 young (6144K), 3 survivors (6144K)
 Metaspace       used 80200K, committed 80768K, reserved 1122304K
  class space    used 11279K, committed 11584K, reserved 1048576K
}
Event: 35.508 GC heap before
{Heap before GC invocations=20 (full 2):
 garbage-first heap   total 524288K, used 162388K [0x0000000701800000, 0x0000000800000000)
  region size 2048K, 40 young (81920K), 3 survivors (6144K)
 Metaspace       used 80658K, committed 81216K, reserved 1122304K
  class space    used 11285K, committed 11584K, reserved 1048576K
}
Event: 35.510 GC heap after
{Heap after GC invocations=21 (full 2):
 garbage-first heap   total 524288K, used 85606K [0x0000000701800000, 0x0000000800000000)
  region size 2048K, 2 young (4096K), 2 survivors (4096K)
 Metaspace       used 80658K, committed 81216K, reserved 1122304K
  class space    used 11285K, committed 11584K, reserved 1048576K
}
Event: 39.114 GC heap before
{Heap before GC invocations=21 (full 2):
 garbage-first heap   total 524288K, used 134758K [0x0000000701800000, 0x0000000800000000)
  region size 2048K, 27 young (55296K), 2 survivors (4096K)
 Metaspace       used 81963K, committed 82496K, reserved 1122304K
  class space    used 11393K, committed 11648K, reserved 1048576K
}
Event: 39.157 GC heap after
{Heap after GC invocations=22 (full 3):
 garbage-first heap   total 524288K, used 81885K [0x0000000701800000, 0x0000000800000000)
  region size 2048K, 0 young (0K), 0 survivors (0K)
 Metaspace       used 81963K, committed 82496K, reserved 1122304K
  class space    used 11393K, committed 11648K, reserved 1048576K
}

