# JRE version: OpenJDK Runtime Environment Temurin-17.0.3+7 (17.0.3+7) (build 17.0.3+7)
# Java VM: OpenJDK 64-Bit Server VM Temurin-17.0.3+7 (17.0.3+7, mixed mode, sharing, tiered, compressed oops, compressed class ptrs, g1 gc, windows-amd64)
GC Precious Log:
 CPUs: 16 total, 16 available
 Memory: 15789M
 Large Page Support: Disabled
 NUMA Support: Disabled
 Compressed Oops: Enabled (Zero based)
 Heap Region Size: 2M
 Heap Min Capacity: 512M
 Heap Initial Capacity: 512M
 Heap Max Capacity: 4072M
 Pre-touch: Disabled
 Parallel Workers: 13
 Concurrent Workers: 3
 Concurrent Refinement Workers: 13
 Periodic GC: Disabled
 String Deduplication is enabled
Heap:
 garbage-first heap   total 524288K, used 161759K [0x0000000701800000, 0x0000000800000000)
  region size 2048K, 38 young (77824K), 0 survivors (0K)
 Metaspace       used 84408K, committed 85056K, reserved 1122304K
  class space    used 11535K, committed 11840K, reserved 1048576K
GC Heap History (20 events):
Event: 237.055 GC heap before
{Heap before GC invocations=29 (full 2):
 garbage-first heap   total 524288K, used 165048K [0x0000000701800000, 0x0000000800000000)
  region size 2048K, 40 young (81920K), 2 survivors (4096K)
 Metaspace       used 81589K, committed 82176K, reserved 1122304K
  class space    used 11352K, committed 11648K, reserved 1048576K
}
Event: 237.057 GC heap after
{Heap after GC invocations=30 (full 2):
 garbage-first heap   total 524288K, used 87615K [0x0000000701800000, 0x0000000800000000)
  region size 2048K, 2 young (4096K), 2 survivors (4096K)
 Metaspace       used 81589K, committed 82176K, reserved 1122304K
  class space    used 11352K, committed 11648K, reserved 1048576K
}
Event: 238.424 GC heap before
{Heap before GC invocations=30 (full 2):
 garbage-first heap   total 524288K, used 165439K [0x0000000701800000, 0x0000000800000000)
  region size 2048K, 40 young (81920K), 2 survivors (4096K)
 Metaspace       used 81598K, committed 82176K, reserved 1122304K
  class space    used 11352K, committed 11648K, reserved 1048576K
}
Event: 238.427 GC heap after
{Heap after GC invocations=31 (full 2):
 garbage-first heap   total 524288K, used 87100K [0x0000000701800000, 0x0000000800000000)
  region size 2048K, 2 young (4096K), 2 survivors (4096K)
 Metaspace       used 81598K, committed 82176K, reserved 1122304K
  class space    used 11352K, committed 11648K, reserved 1048576K
}
Event: 248.270 GC heap before
{Heap before GC invocations=31 (full 2):
 garbage-first heap   total 524288K, used 164924K [0x0000000701800000, 0x0000000800000000)
  region size 2048K, 40 young (81920K), 2 survivors (4096K)
 Metaspace       used 81812K, committed 82368K, reserved 1122304K
  class space    used 11354K, committed 11648K, reserved 1048576K
}
Event: 248.273 GC heap after
{Heap after GC invocations=32 (full 2):
 garbage-first heap   total 524288K, used 89833K [0x0000000701800000, 0x0000000800000000)
  region size 2048K, 4 young (8192K), 4 survivors (8192K)
 Metaspace       used 81812K, committed 82368K, reserved 1122304K
  class space    used 11354K, committed 11648K, reserved 1048576K
}
Event: 248.746 GC heap before
{Heap before GC invocations=32 (full 2):
 garbage-first heap   total 524288K, used 132841K [0x0000000701800000, 0x0000000800000000)
  region size 2048K, 26 young (53248K), 4 survivors (8192K)
 Metaspace       used 82050K, committed 82624K, reserved 1122304K
  class space    used 11354K, committed 11648K, reserved 1048576K
}
Event: 248.791 GC heap after
{Heap after GC invocations=33 (full 3):
 garbage-first heap   total 524288K, used 85036K [0x0000000701800000, 0x0000000800000000)
  region size 2048K, 0 young (0K), 0 survivors (0K)
 Metaspace       used 82050K, committed 82624K, reserved 1122304K
  class space    used 11354K, committed 11648K, reserved 1048576K
}
Event: 256.503 GC heap before
{Heap before GC invocations=33 (full 3):
 garbage-first heap   total 524288K, used 166956K [0x0000000701800000, 0x0000000800000000)
  region size 2048K, 40 young (81920K), 0 survivors (0K)
 Metaspace       used 82289K, committed 82880K, reserved 1122304K
  class space    used 11361K, committed 11648K, reserved 1048576K
}
Event: 256.505 GC heap after
{Heap after GC invocations=34 (full 3):
 garbage-first heap   total 524288K, used 86937K [0x0000000701800000, 0x0000000800000000)
  region size 2048K, 1 young (2048K), 1 survivors (2048K)
 Metaspace       used 82289K, committed 82880K, reserved 1122304K
  class space    used 11361K, committed 11648K, reserved 1048576K
}
Event: 257.074 GC heap before
{Heap before GC invocations=34 (full 3):
 garbage-first heap   total 524288K, used 99225K [0x0000000701800000, 0x0000000800000000)
  region size 2048K, 8 young (16384K), 1 survivors (2048K)
 Metaspace       used 82408K, committed 83008K, reserved 1122304K
  class space    used 11369K, committed 11648K, reserved 1048576K
}
Event: 257.075 GC heap after
{Heap after GC invocations=35 (full 3):
 garbage-first heap   total 524288K, used 86516K [0x0000000701800000, 0x0000000800000000)
  region size 2048K, 1 young (2048K), 1 survivors (2048K)
 Metaspace       used 82408K, committed 83008K, reserved 1122304K
  class space    used 11369K, committed 11648K, reserved 1048576K
}
Event: 260.564 GC heap before
{Heap before GC invocations=35 (full 3):
 garbage-first heap   total 524288K, used 143860K [0x0000000701800000, 0x0000000800000000)
  region size 2048K, 26 young (53248K), 1 survivors (2048K)
 Metaspace       used 82632K, committed 83200K, reserved 1122304K
  class space    used 11372K, committed 11648K, reserved 1048576K
}
Event: 260.566 GC heap after
{Heap after GC invocations=36 (full 3):
 garbage-first heap   total 524288K, used 94563K [0x0000000701800000, 0x0000000800000000)
  region size 2048K, 1 young (2048K), 1 survivors (2048K)
 Metaspace       used 82632K, committed 83200K, reserved 1122304K
  class space    used 11372K, committed 11648K, reserved 1048576K
}
Event: 263.040 GC heap before
{Heap before GC invocations=36 (full 3):
 garbage-first heap   total 524288K, used 172387K [0x0000000701800000, 0x0000000800000000)
  region size 2048K, 40 young (81920K), 1 survivors (2048K)
 Metaspace       used 83006K, committed 83648K, reserved 1122304K
  class space    used 11409K, committed 11712K, reserved 1048576K
}
Event: 263.042 GC heap after
{Heap after GC invocations=37 (full 3):
 garbage-first heap   total 524288K, used 92471K [0x0000000701800000, 0x0000000800000000)
  region size 2048K, 2 young (4096K), 2 survivors (4096K)
 Metaspace       used 83006K, committed 83648K, reserved 1122304K
  class space    used 11409K, committed 11712K, reserved 1048576K
}
Event: 266.796 GC heap before
{Heap before GC invocations=37 (full 3):
 garbage-first heap   total 524288K, used 170295K [0x0000000701800000, 0x0000000800000000)
  region size 2048K, 40 young (81920K), 2 survivors (4096K)
 Metaspace       used 83189K, committed 83904K, reserved 1122304K
  class space    used 11416K, committed 11776K, reserved 1048576K
}
Event: 266.798 GC heap after
{Heap after GC invocations=38 (full 3):
 garbage-first heap   total 524288K, used 87466K [0x0000000701800000, 0x0000000800000000)
  region size 2048K, 2 young (4096K), 2 survivors (4096K)
 Metaspace       used 83189K, committed 83904K, reserved 1122304K
  class space    used 11416K, committed 11776K, reserved 1048576K
}
Event: 267.521 GC heap before
{Heap before GC invocations=38 (full 3):
 garbage-first heap   total 524288K, used 105898K [0x0000000701800000, 0x0000000800000000)
  region size 2048K, 12 young (24576K), 2 survivors (4096K)
 Metaspace       used 84275K, committed 84928K, reserved 1122304K
  class space    used 11520K, committed 11840K, reserved 1048576K
}
Event: 267.564 GC heap after
{Heap after GC invocations=39 (full 4):
 garbage-first heap   total 524288K, used 85983K [0x0000000701800000, 0x0000000800000000)
  region size 2048K, 0 young (0K), 0 survivors (0K)
 Metaspace       used 84275K, committed 84928K, reserved 1122304K
  class space    used 11520K, committed 11840K, reserved 1048576K
}

