# JRE version: OpenJDK Runtime Environment Temurin-17.0.3+7 (17.0.3+7) (build 17.0.3+7)
# Java VM: OpenJDK 64-Bit Server VM Temurin-17.0.3+7 (17.0.3+7, mixed mode, sharing, tiered, compressed oops, compressed class ptrs, g1 gc, windows-amd64)
GC Precious Log:
 CPUs: 16 total, 16 available
 Memory: 15789M
 Large Page Support: Disabled
 NUMA Support: Disabled
 Compressed Oops: Enabled (Zero based)
 Heap Region Size: 2M
 Heap Min Capacity: 512M
 Heap Initial Capacity: 512M
 Heap Max Capacity: 4072M
 Pre-touch: Disabled
 Parallel Workers: 13
 Concurrent Workers: 3
 Concurrent Refinement Workers: 13
 Periodic GC: Disabled
 String Deduplication is enabled
Heap:
 garbage-first heap   total 524288K, used 102359K [0x0000000701800000, 0x0000000800000000)
  region size 2048K, 9 young (18432K), 1 survivors (2048K)
 Metaspace       used 85275K, committed 85952K, reserved 1130496K
  class space    used 11660K, committed 12032K, reserved 1048576K
GC Heap History (20 events):
Event: 2961.507 GC heap before
{Heap before GC invocations=58 (full 18):
 garbage-first heap   total 524288K, used 123997K [0x0000000701800000, 0x0000000800000000)
  region size 2048K, 13 young (26624K), 0 survivors (0K)
 Metaspace       used 84996K, committed 85760K, reserved 1130496K
  class space    used 11659K, committed 12032K, reserved 1048576K
}
Event: 2961.509 GC heap after
{Heap after GC invocations=59 (full 18):
 garbage-first heap   total 524288K, used 100642K [0x0000000701800000, 0x0000000800000000)
  region size 2048K, 1 young (2048K), 1 survivors (2048K)
 Metaspace       used 84996K, committed 85760K, reserved 1130496K
  class space    used 11659K, committed 12032K, reserved 1048576K
}
Event: 2985.738 GC heap before
{Heap before GC invocations=59 (full 18):
 garbage-first heap   total 524288K, used 170274K [0x0000000701800000, 0x0000000800000000)
  region size 2048K, 36 young (73728K), 1 survivors (2048K)
 Metaspace       used 85049K, committed 85760K, reserved 1130496K
  class space    used 11659K, committed 12032K, reserved 1048576K
}
Event: 2985.783 GC heap after
{Heap after GC invocations=60 (full 19):
 garbage-first heap   total 524288K, used 90709K [0x0000000701800000, 0x0000000800000000)
  region size 2048K, 0 young (0K), 0 survivors (0K)
 Metaspace       used 85049K, committed 85760K, reserved 1130496K
  class space    used 11659K, committed 12032K, reserved 1048576K
}
Event: 2986.894 GC heap before
{Heap before GC invocations=60 (full 19):
 garbage-first heap   total 524288K, used 96853K [0x0000000701800000, 0x0000000800000000)
  region size 2048K, 4 young (8192K), 0 survivors (0K)
 Metaspace       used 85057K, committed 85760K, reserved 1130496K
  class space    used 11659K, committed 12032K, reserved 1048576K
}
Event: 2986.937 GC heap after
{Heap after GC invocations=61 (full 20):
 garbage-first heap   total 524288K, used 90665K [0x0000000701800000, 0x0000000800000000)
  region size 2048K, 0 young (0K), 0 survivors (0K)
 Metaspace       used 85057K, committed 85760K, reserved 1130496K
  class space    used 11659K, committed 12032K, reserved 1048576K
}
Event: 2993.538 GC heap before
{Heap before GC invocations=61 (full 20):
 garbage-first heap   total 524288K, used 100905K [0x0000000701800000, 0x0000000800000000)
  region size 2048K, 6 young (12288K), 0 survivors (0K)
 Metaspace       used 85070K, committed 85760K, reserved 1130496K
  class space    used 11659K, committed 12032K, reserved 1048576K
}
Event: 2993.581 GC heap after
{Heap after GC invocations=62 (full 21):
 garbage-first heap   total 524288K, used 90690K [0x0000000701800000, 0x0000000800000000)
  region size 2048K, 0 young (0K), 0 survivors (0K)
 Metaspace       used 85070K, committed 85760K, reserved 1130496K
  class space    used 11659K, committed 12032K, reserved 1048576K
}
Event: 2998.258 GC heap before
{Heap before GC invocations=62 (full 21):
 garbage-first heap   total 524288K, used 152130K [0x0000000701800000, 0x0000000800000000)
  region size 2048K, 31 young (63488K), 0 survivors (0K)
 Metaspace       used 85090K, committed 85824K, reserved 1130496K
  class space    used 11659K, committed 12032K, reserved 1048576K
}
Event: 2998.303 GC heap after
{Heap after GC invocations=63 (full 22):
 garbage-first heap   total 524288K, used 88105K [0x0000000701800000, 0x0000000800000000)
  region size 2048K, 0 young (0K), 0 survivors (0K)
 Metaspace       used 85090K, committed 85824K, reserved 1130496K
  class space    used 11659K, committed 12032K, reserved 1048576K
}
Event: 3001.762 GC heap before
{Heap before GC invocations=63 (full 22):
 garbage-first heap   total 524288K, used 167977K [0x0000000701800000, 0x0000000800000000)
  region size 2048K, 40 young (81920K), 0 survivors (0K)
 Metaspace       used 85157K, committed 85888K, reserved 1130496K
  class space    used 11660K, committed 12032K, reserved 1048576K
}
Event: 3001.764 GC heap after
{Heap after GC invocations=64 (full 22):
 garbage-first heap   total 524288K, used 89752K [0x0000000701800000, 0x0000000800000000)
  region size 2048K, 1 young (2048K), 1 survivors (2048K)
 Metaspace       used 85157K, committed 85888K, reserved 1130496K
  class space    used 11660K, committed 12032K, reserved 1048576K
}
Event: 3003.996 GC heap before
{Heap before GC invocations=64 (full 22):
 garbage-first heap   total 524288K, used 108184K [0x0000000701800000, 0x0000000800000000)
  region size 2048K, 11 young (22528K), 1 survivors (2048K)
 Metaspace       used 85170K, committed 85888K, reserved 1130496K
  class space    used 11660K, committed 12032K, reserved 1048576K
}
Event: 3004.039 GC heap after
{Heap after GC invocations=65 (full 23):
 garbage-first heap   total 524288K, used 87547K [0x0000000701800000, 0x0000000800000000)
  region size 2048K, 0 young (0K), 0 survivors (0K)
 Metaspace       used 85170K, committed 85888K, reserved 1130496K
  class space    used 11660K, committed 12032K, reserved 1048576K
}
Event: 3012.294 GC heap before
{Heap before GC invocations=65 (full 23):
 garbage-first heap   total 524288K, used 169467K [0x0000000701800000, 0x0000000800000000)
  region size 2048K, 41 young (83968K), 0 survivors (0K)
 Metaspace       used 85189K, committed 85888K, reserved 1130496K
  class space    used 11660K, committed 12032K, reserved 1048576K
}
Event: 3012.295 GC heap after
{Heap after GC invocations=66 (full 23):
 garbage-first heap   total 524288K, used 87756K [0x0000000701800000, 0x0000000800000000)
  region size 2048K, 1 young (2048K), 1 survivors (2048K)
 Metaspace       used 85189K, committed 85888K, reserved 1130496K
  class space    used 11660K, committed 12032K, reserved 1048576K
}
Event: 3015.739 GC heap before
{Heap before GC invocations=66 (full 23):
 garbage-first heap   total 524288K, used 167628K [0x0000000701800000, 0x0000000800000000)
  region size 2048K, 40 young (81920K), 1 survivors (2048K)
 Metaspace       used 85227K, committed 85952K, reserved 1130496K
  class space    used 11660K, committed 12032K, reserved 1048576K
}
Event: 3015.741 GC heap after
{Heap after GC invocations=67 (full 23):
 garbage-first heap   total 524288K, used 87848K [0x0000000701800000, 0x0000000800000000)
  region size 2048K, 1 young (2048K), 1 survivors (2048K)
 Metaspace       used 85227K, committed 85952K, reserved 1130496K
  class space    used 11660K, committed 12032K, reserved 1048576K
}
Event: 3017.319 GC heap before
{Heap before GC invocations=67 (full 23):
 garbage-first heap   total 524288K, used 167720K [0x0000000701800000, 0x0000000800000000)
  region size 2048K, 40 young (81920K), 1 survivors (2048K)
 Metaspace       used 85272K, committed 85952K, reserved 1130496K
  class space    used 11660K, committed 12032K, reserved 1048576K
}
Event: 3017.321 GC heap after
{Heap after GC invocations=68 (full 23):
 garbage-first heap   total 524288K, used 88023K [0x0000000701800000, 0x0000000800000000)
  region size 2048K, 1 young (2048K), 1 survivors (2048K)
 Metaspace       used 85272K, committed 85952K, reserved 1130496K
  class space    used 11660K, committed 12032K, reserved 1048576K
}

